<?xml version="1.0" encoding="UTF-8"?>
<testsuite name="com.pitchbook.bootcamp.collections.taxipark.FakeDriversTest" tests="7" skipped="0" failures="0" errors="0" timestamp="2019-09-21T12:47:12" hostname="DESKTOP-JMBMVJS" time="0.352">
  <properties/>
  <testcase name="test0" classname="com.pitchbook.bootcamp.collections.taxipark.FakeDriversTest" time="0.324"/>
  <testcase name="test1" classname="com.pitchbook.bootcamp.collections.taxipark.FakeDriversTest" time="0.008"/>
  <testcase name="test2" classname="com.pitchbook.bootcamp.collections.taxipark.FakeDriversTest" time="0.0"/>
  <testcase name="test3" classname="com.pitchbook.bootcamp.collections.taxipark.FakeDriversTest" time="0.0"/>
  <testcase name="test4" classname="com.pitchbook.bootcamp.collections.taxipark.FakeDriversTest" time="0.004"/>
  <testcase name="test5" classname="com.pitchbook.bootcamp.collections.taxipark.FakeDriversTest" time="0.004"/>
  <testcase name="test6" classname="com.pitchbook.bootcamp.collections.taxipark.FakeDriversTest" time="0.004"/>
  <system-out><![CDATA[]]></system-out>
  <system-err><![CDATA[]]></system-err>
</testsuite>
