<?xml version="1.0" encoding="UTF-8"?>
<testsuite name="com.pitchbook.bootcamp.CollectionOperationsMReferenceTest" tests="37" skipped="0" failures="0" errors="0" timestamp="2019-09-27T10:03:25" hostname="DESKTOP-JMBMVJS" time="0.124">
  <properties/>
  <testcase name="should_apply_some_action_to_each_object" classname="com.pitchbook.bootcamp.CollectionOperationsMReferenceTest" time="0.004"/>
  <testcase name="should_convert_elements_into_map_by_some_functions" classname="com.pitchbook.bootcamp.CollectionOperationsMReferenceTest" time="0.004"/>
  <testcase name="should_create_empty_list_when_count_is_0" classname="com.pitchbook.bootcamp.CollectionOperationsMReferenceTest" time="0.004"/>
  <testcase name="should_create_list_of_elements_provided_by_supplier" classname="com.pitchbook.bootcamp.CollectionOperationsMReferenceTest" time="0.0"/>
  <testcase name="should_create_list_of_objects_provided_by_special_function" classname="com.pitchbook.bootcamp.CollectionOperationsMReferenceTest" time="0.0"/>
  <testcase name="should_create_new_list_in_reverse_order" classname="com.pitchbook.bootcamp.CollectionOperationsMReferenceTest" time="0.0"/>
  <testcase name="should_distinct_elements_by_comparator" classname="com.pitchbook.bootcamp.CollectionOperationsMReferenceTest" time="0.0"/>
  <testcase name="should_find_max_element" classname="com.pitchbook.bootcamp.CollectionOperationsMReferenceTest" time="0.004"/>
  <testcase name="should_find_min_element" classname="com.pitchbook.bootcamp.CollectionOperationsMReferenceTest" time="0.0"/>
  <testcase name="should_group_elements_into_map_by_some_rule" classname="com.pitchbook.bootcamp.CollectionOperationsMReferenceTest" time="0.0"/>
  <testcase name="should_iterate_into_empty_list_when_count_is_0" classname="com.pitchbook.bootcamp.CollectionOperationsMReferenceTest" time="0.0"/>
  <testcase name="should_partition_elements_by_some_rule" classname="com.pitchbook.bootcamp.CollectionOperationsMReferenceTest" time="0.0"/>
  <testcase name="should_reduce_list_of_elements_with_some_seed" classname="com.pitchbook.bootcamp.CollectionOperationsMReferenceTest" time="0.004"/>
  <testcase name="should_remove_all_elements_that_match_the_rule" classname="com.pitchbook.bootcamp.CollectionOperationsMReferenceTest" time="0.0"/>
  <testcase name="should_remove_only_first_element_that_matches_the_rule" classname="com.pitchbook.bootcamp.CollectionOperationsMReferenceTest" time="0.004"/>
  <testcase name="should_remove_only_last_element_that_matches_the_rule" classname="com.pitchbook.bootcamp.CollectionOperationsMReferenceTest" time="0.004"/>
  <testcase name="should_return_all_elements_from_list_except_the_first_one" classname="com.pitchbook.bootcamp.CollectionOperationsMReferenceTest" time="0.0"/>
  <testcase name="should_return_empty_list_when_no_elements_matches_the_rule" classname="com.pitchbook.bootcamp.CollectionOperationsMReferenceTest" time="0.0"/>
  <testcase name="should_return_empty_list_when_size_is_less_than_or_equal_to_1" classname="com.pitchbook.bootcamp.CollectionOperationsMReferenceTest" time="0.0"/>
  <testcase name="should_return_empty_optional_when_first_element_does_not_exist" classname="com.pitchbook.bootcamp.CollectionOperationsMReferenceTest" time="0.0"/>
  <testcase name="should_return_empty_optional_when_max_element_does_not_exist" classname="com.pitchbook.bootcamp.CollectionOperationsMReferenceTest" time="0.0"/>
  <testcase name="should_return_empty_optional_when_min_element_does_not_exist" classname="com.pitchbook.bootcamp.CollectionOperationsMReferenceTest" time="0.004"/>
  <testcase name="should_return_empty_optional_when_try_to_reduce_empty_list" classname="com.pitchbook.bootcamp.CollectionOperationsMReferenceTest" time="0.004"/>
  <testcase name="should_return_false_if_at_least_one_element_does_not_match_the_rule" classname="com.pitchbook.bootcamp.CollectionOperationsMReferenceTest" time="0.004"/>
  <testcase name="should_return_false_if_at_least_one_element_matches_the_rule" classname="com.pitchbook.bootcamp.CollectionOperationsMReferenceTest" time="0.004"/>
  <testcase name="should_return_false_if_none_of_elements_matches_the_rule" classname="com.pitchbook.bootcamp.CollectionOperationsMReferenceTest" time="0.004"/>
  <testcase name="should_return_first_element_from_list_if_exists" classname="com.pitchbook.bootcamp.CollectionOperationsMReferenceTest" time="0.0"/>
  <testcase name="should_return_list_of_elements_matches_the_rule" classname="com.pitchbook.bootcamp.CollectionOperationsMReferenceTest" time="0.0"/>
  <testcase name="should_return_list_of_objects_that_do_not_match_the_rule" classname="com.pitchbook.bootcamp.CollectionOperationsMReferenceTest" time="0.0"/>
  <testcase name="should_return_list_of_unique_elements" classname="com.pitchbook.bootcamp.CollectionOperationsMReferenceTest" time="0.0"/>
  <testcase name="should_return_one_element_from_reduced_list" classname="com.pitchbook.bootcamp.CollectionOperationsMReferenceTest" time="0.0"/>
  <testcase name="should_return_seed_when_try_to_reduce_empty_list" classname="com.pitchbook.bootcamp.CollectionOperationsMReferenceTest" time="0.0"/>
  <testcase name="should_return_true_if_at_least_one_element_matches_the_rule" classname="com.pitchbook.bootcamp.CollectionOperationsMReferenceTest" time="0.0"/>
  <testcase name="should_return_true_only_if_all_elements_match_the_rule" classname="com.pitchbook.bootcamp.CollectionOperationsMReferenceTest" time="0.0"/>
  <testcase name="should_return_true_only_if_none_of_elements_matches_the_rule" classname="com.pitchbook.bootcamp.CollectionOperationsMReferenceTest" time="0.0"/>
  <testcase name="should_transform_all_elements_into_another_types" classname="com.pitchbook.bootcamp.CollectionOperationsMReferenceTest" time="0.0"/>
  <testcase name="should_zip_all_the_elements_with_indexes" classname="com.pitchbook.bootcamp.CollectionOperationsMReferenceTest" time="0.0"/>
  <system-out><![CDATA[]]></system-out>
  <system-err><![CDATA[]]></system-err>
</testsuite>
