<?xml version="1.0" encoding="UTF-8"?>
<testsuite name="com.pitchbook.pbinstensive.task1.MainTest" tests="2" skipped="0" failures="0" errors="0" timestamp="2019-09-21T11:31:41" hostname="DESKTOP-JMBMVJS" time="0.024">
  <properties/>
  <testcase name="should_throw_exception_when_number_of_arguments_is_equal_to_0" classname="com.pitchbook.pbinstensive.task1.MainTest" time="0.016"/>
  <testcase name="should_throw_exception_when_number_of_arguments_is_not_equal_to_2" classname="com.pitchbook.pbinstensive.task1.MainTest" time="0.0"/>
  <system-out><![CDATA[]]></system-out>
  <system-err><![CDATA[]]></system-err>
</testsuite>
