<?xml version="1.0" encoding="UTF-8"?>
<testsuite name="com.pitchbook.bootcamp.io.source.FileBackedTaxiParkDbTest" tests="5" skipped="0" failures="0" errors="0" timestamp="2019-09-29T13:47:23" hostname="DESKTOP-JMBMVJS" time="0.06">
  <properties/>
  <testcase name="database_file_should_be_created_if_does_not_exist" classname="com.pitchbook.bootcamp.io.source.FileBackedTaxiParkDbTest" time="0.008"/>
  <testcase name="database_should_be_initialized_as_empty_after_creation" classname="com.pitchbook.bootcamp.io.source.FileBackedTaxiParkDbTest" time="0.004"/>
  <testcase name="driver_insertion_should_be_persistent" classname="com.pitchbook.bootcamp.io.source.FileBackedTaxiParkDbTest" time="0.012"/>
  <testcase name="passenger_insertion_should_be_persistent" classname="com.pitchbook.bootcamp.io.source.FileBackedTaxiParkDbTest" time="0.012"/>
  <testcase name="trip_insertion_should_be_persistent" classname="com.pitchbook.bootcamp.io.source.FileBackedTaxiParkDbTest" time="0.024"/>
  <system-out><![CDATA[]]></system-out>
  <system-err><![CDATA[]]></system-err>
</testsuite>
