<?xml version="1.0" encoding="UTF-8"?>
<testsuite name="com.pitchbook.bootcamp.io.source.initialization.TripsPopulatorTest" tests="2" skipped="0" failures="0" errors="0" timestamp="2019-10-02T20:49:47" hostname="DESKTOP-JMBMVJS" time="0.031">
  <properties/>
  <testcase name="shouldReturnEmptyListWhenTripsNotFound" classname="com.pitchbook.bootcamp.io.source.initialization.TripsPopulatorTest" time="0.015"/>
  <testcase name="shouldReturnListOfAllTripsIfExists" classname="com.pitchbook.bootcamp.io.source.initialization.TripsPopulatorTest" time="0.016"/>
  <system-out><![CDATA[]]></system-out>
  <system-err><![CDATA[]]></system-err>
</testsuite>
